<?xml version="1.0" encoding="UTF-8"?>
<!-- Generated by org.testng.reporters.JUnitXMLReporter -->
<testsuite ignored="1" hostname="Arijeet" failures="0" tests="1" name="Default test(failed)" time="8.524" errors="0" timestamp="2025-05-07T16:26:21 IST">
  <testcase classname="InventoryTests.AddProductToCartTest" name="SampleTest" time="0.035"/>
  <testcase classname="InventoryTests.AddProductToCartTest" name="tc_01_AddProductToCartTest" time="0.0">
    <ignored/>
  </testcase> <!-- tc_01_AddProductToCartTest -->
</testsuite> <!-- Default test(failed) -->
