<?xml version="1.0" encoding="UTF-8"?>
<!-- Generated by org.testng.reporters.JUnitXMLReporter -->
<testsuite ignored="1" hostname="Arijeet" failures="0" tests="1" name="Default test" time="0.753" errors="0" timestamp="2025-05-24T11:28:21 IST">
  <testcase classname="Practice.SampleJDBC" name="executeQueryJDBC" time="0.706"/>
  <testcase classname="Practice.SampleJDBC" name="executeUpdateJdBC" time="0.0">
    <ignored/>
  </testcase> <!-- executeUpdateJdBC -->
</testsuite> <!-- Default test -->
