<?xml version="1.0" encoding="UTF-8"?>
<!-- Generated by org.testng.reporters.JUnitXMLReporter -->
<testsuite ignored="2" hostname="Arijeet" failures="0" tests="3" name="Test" time="11.067" errors="0" timestamp="2025-05-20T17:39:43 IST">
  <testcase classname="InventoryTests.AddProductToCartTest" name="SampleTest" time="0.01"/>
  <testcase classname="InventoryTests.AddProductToCartTest" name="tc_01_AddProductToCartTest" time="0.756"/>
  <testcase classname="InventoryTests.AddLowestPriceProductToCartTest" name="tc_02_AddLowestPriceProductToCartTest" time="0.432"/>
  <testcase classname="GenericUtilities.BaseClass" name="@AfterSuite asConfig" time="0.0">
    <ignored/>
  </testcase> <!-- @AfterSuite asConfig -->
  <testcase classname="GenericUtilities.BaseClass" name="@BeforeSuite bsConfig" time="0.0">
    <ignored/>
  </testcase> <!-- @BeforeSuite bsConfig -->
</testsuite> <!-- Test -->
