<?xml version="1.0" encoding="UTF-8"?>
<testng-results ignored="0" total="3" passed="3" failed="0" skipped="0">
  <reporter-output>
  </reporter-output>
  <suite started-at="2025-05-20T17:39:32 IST" name="Suite" finished-at="2025-05-20T17:39:43 IST" duration-ms="11067">
    <groups>
      <group name="RegressionSuite">
        <method signature="AddLowestPriceProductToCartTest.tc_02_AddLowestPriceProductToCartTest()[pri:0, instance:InventoryTests.AddLowestPriceProductToCartTest@7d20d0b]" name="tc_02_AddLowestPriceProductToCartTest" class="InventoryTests.AddLowestPriceProductToCartTest"/>
        <method signature="AddProductToCartTest.tc_01_AddProductToCartTest()[pri:0, instance:InventoryTests.AddProductToCartTest@544fa968]" name="tc_01_AddProductToCartTest" class="InventoryTests.AddProductToCartTest"/>
      </group> <!-- RegressionSuite -->
      <group name="SmokeSuite">
        <method signature="AddLowestPriceProductToCartTest.tc_02_AddLowestPriceProductToCartTest()[pri:0, instance:InventoryTests.AddLowestPriceProductToCartTest@7d20d0b]" name="tc_02_AddLowestPriceProductToCartTest" class="InventoryTests.AddLowestPriceProductToCartTest"/>
        <method signature="AddProductToCartTest.SampleTest()[pri:0, instance:InventoryTests.AddProductToCartTest@544fa968]" name="SampleTest" class="InventoryTests.AddProductToCartTest"/>
        <method signature="AddProductToCartTest.tc_01_AddProductToCartTest()[pri:0, instance:InventoryTests.AddProductToCartTest@544fa968]" name="tc_01_AddProductToCartTest" class="InventoryTests.AddProductToCartTest"/>
      </group> <!-- SmokeSuite -->
    </groups>
    <test started-at="2025-05-20T17:39:32 IST" name="Test" finished-at="2025-05-20T17:39:43 IST" duration-ms="11067">
      <class name="InventoryTests.AddProductToCartTest">
        <test-method is-config="true" signature="bsConfig()[pri:0, instance:InventoryTests.AddProductToCartTest@544fa968]" started-at="2025-05-20T17:39:32 IST" name="bsConfig" finished-at="2025-05-20T17:39:32 IST" duration-ms="8" status="PASS">
          <reporter-output>
          </reporter-output>
        </test-method> <!-- bsConfig -->
        <test-method is-config="true" signature="bcConfig()[pri:0, instance:InventoryTests.AddProductToCartTest@544fa968]" started-at="2025-05-20T17:39:32 IST" name="bcConfig" finished-at="2025-05-20T17:39:37 IST" duration-ms="4331" status="PASS">
          <reporter-output>
          </reporter-output>
        </test-method> <!-- bcConfig -->
        <test-method is-config="true" signature="bmConfig()[pri:0, instance:InventoryTests.AddProductToCartTest@544fa968]" started-at="2025-05-20T17:39:37 IST" name="bmConfig" finished-at="2025-05-20T17:39:37 IST" duration-ms="412" status="PASS">
          <reporter-output>
          </reporter-output>
        </test-method> <!-- bmConfig -->
        <test-method signature="SampleTest()[pri:0, instance:InventoryTests.AddProductToCartTest@544fa968]" started-at="2025-05-20T17:39:37 IST" name="SampleTest" finished-at="2025-05-20T17:39:37 IST" duration-ms="10" status="PASS">
          <reporter-output>
          </reporter-output>
        </test-method> <!-- SampleTest -->
        <test-method is-config="true" signature="amConfig()[pri:0, instance:InventoryTests.AddProductToCartTest@544fa968]" started-at="2025-05-20T17:39:37 IST" name="amConfig" finished-at="2025-05-20T17:39:37 IST" duration-ms="234" status="PASS">
          <reporter-output>
          </reporter-output>
        </test-method> <!-- amConfig -->
        <test-method is-config="true" signature="bmConfig()[pri:0, instance:InventoryTests.AddProductToCartTest@544fa968]" started-at="2025-05-20T17:39:37 IST" name="bmConfig" finished-at="2025-05-20T17:39:38 IST" duration-ms="290" status="PASS">
          <reporter-output>
          </reporter-output>
        </test-method> <!-- bmConfig -->
        <test-method signature="tc_01_AddProductToCartTest()[pri:0, instance:InventoryTests.AddProductToCartTest@544fa968]" started-at="2025-05-20T17:39:38 IST" name="tc_01_AddProductToCartTest" finished-at="2025-05-20T17:39:38 IST" duration-ms="756" status="PASS">
          <reporter-output>
          </reporter-output>
        </test-method> <!-- tc_01_AddProductToCartTest -->
        <test-method is-config="true" signature="amConfig()[pri:0, instance:InventoryTests.AddProductToCartTest@544fa968]" started-at="2025-05-20T17:39:38 IST" name="amConfig" finished-at="2025-05-20T17:39:39 IST" duration-ms="220" status="PASS">
          <reporter-output>
          </reporter-output>
        </test-method> <!-- amConfig -->
        <test-method is-config="true" signature="acConfig()[pri:0, instance:InventoryTests.AddProductToCartTest@544fa968]" started-at="2025-05-20T17:39:39 IST" name="acConfig" finished-at="2025-05-20T17:39:39 IST" duration-ms="304" status="PASS">
          <reporter-output>
          </reporter-output>
        </test-method> <!-- acConfig -->
        <test-method is-config="true" signature="asConfig()[pri:0, instance:InventoryTests.AddProductToCartTest@544fa968]" started-at="2025-05-20T17:39:43 IST" name="asConfig" finished-at="2025-05-20T17:39:43 IST" duration-ms="1" status="PASS">
          <reporter-output>
          </reporter-output>
        </test-method> <!-- asConfig -->
      </class> <!-- InventoryTests.AddProductToCartTest -->
      <class name="InventoryTests.AddLowestPriceProductToCartTest">
        <test-method is-config="true" signature="bcConfig()[pri:0, instance:InventoryTests.AddLowestPriceProductToCartTest@7d20d0b]" started-at="2025-05-20T17:39:39 IST" name="bcConfig" finished-at="2025-05-20T17:39:42 IST" duration-ms="2872" status="PASS">
          <reporter-output>
          </reporter-output>
        </test-method> <!-- bcConfig -->
        <test-method is-config="true" signature="bmConfig()[pri:0, instance:InventoryTests.AddLowestPriceProductToCartTest@7d20d0b]" started-at="2025-05-20T17:39:42 IST" name="bmConfig" finished-at="2025-05-20T17:39:42 IST" duration-ms="353" status="PASS">
          <reporter-output>
          </reporter-output>
        </test-method> <!-- bmConfig -->
        <test-method signature="tc_02_AddLowestPriceProductToCartTest()[pri:0, instance:InventoryTests.AddLowestPriceProductToCartTest@7d20d0b]" started-at="2025-05-20T17:39:42 IST" name="tc_02_AddLowestPriceProductToCartTest" finished-at="2025-05-20T17:39:43 IST" duration-ms="432" status="PASS">
          <reporter-output>
          </reporter-output>
        </test-method> <!-- tc_02_AddLowestPriceProductToCartTest -->
        <test-method is-config="true" signature="amConfig()[pri:0, instance:InventoryTests.AddLowestPriceProductToCartTest@7d20d0b]" started-at="2025-05-20T17:39:43 IST" name="amConfig" finished-at="2025-05-20T17:39:43 IST" duration-ms="215" status="PASS">
          <reporter-output>
          </reporter-output>
        </test-method> <!-- amConfig -->
        <test-method is-config="true" signature="acConfig()[pri:0, instance:InventoryTests.AddLowestPriceProductToCartTest@7d20d0b]" started-at="2025-05-20T17:39:43 IST" name="acConfig" finished-at="2025-05-20T17:39:43 IST" duration-ms="312" status="PASS">
          <reporter-output>
          </reporter-output>
        </test-method> <!-- acConfig -->
      </class> <!-- InventoryTests.AddLowestPriceProductToCartTest -->
    </test> <!-- Test -->
  </suite> <!-- Suite -->
</testng-results>
